<?xml version="1.0" encoding="UTF-8"?>
<!-- Generated by org.testng.reporters.JUnitReportReporter -->
<testsuite hostname="LAPTOP-D5GEP091" failures="0" tests="1" name="test.RegistrationTest" time="8.679" errors="0" timestamp="2021-04-13T01:28:02 CDT" skipped="0">
  <testcase classname="test.RegistrationTest" name="fillupRegistration" time="8.679"/>
  <system-out/>
</testsuite> <!-- test.RegistrationTest -->
