<?xml version="1.0" encoding="UTF-8"?>
<!-- Generated by org.testng.reporters.JUnitReportReporter -->
<testsuite hostname="LAPTOP-D5GEP091" failures="0" tests="1" name="util.BrowserFactory" time="4.781" errors="0" timestamp="2021-03-18T12:45:31 CDT" skipped="0">
  <testcase classname="util.BrowserFactory" name="init" time="4.781"/>
  <system-out/>
</testsuite> <!-- util.BrowserFactory -->
